<?xml version="1.0" encoding="UTF-8"?>
<!-- Generated by org.testng.reporters.JUnitReportReporter -->
<testsuite hostname="MOMANDAR-3VMBX" name="testcase.TC_Task" tests="1" failures="0" timestamp="12 Nov 2018 12:22:33 GMT" time="14.556" errors="0">
  <testcase name="Task" time="14.556" classname="testcase.TC_Task"/>
</testsuite> <!-- testcase.TC_Task -->
