<?xml version="1.0" encoding="UTF-8"?>
<!-- Generated by org.testng.reporters.JUnitReportReporter -->
<testsuite hostname="MOMANDAR-3VMBX" name="testcase.TC_NewMemOrgInivite" tests="1" failures="0" timestamp="13 Nov 2018 12:32:32 GMT" time="14.867" errors="0">
  <testcase name="Organization" time="14.867" classname="testcase.TC_NewMemOrgInivite"/>
</testsuite> <!-- testcase.TC_NewMemOrgInivite -->
