<?xml version="1.0" encoding="UTF-8"?>
<!-- Generated by org.testng.reporters.JUnitReportReporter -->
<testsuite hostname="MOMANDAR-3VMBX" name="testcase.TC_Googlesignin" tests="1" failures="0" timestamp="9 Nov 2018 14:44:08 GMT" time="8.995" errors="0">
  <testcase name="login" time="8.995" classname="testcase.TC_Googlesignin"/>
</testsuite> <!-- testcase.TC_Googlesignin -->
