<?xml version="1.0" encoding="UTF-8"?>
<!-- Generated by org.testng.reporters.JUnitReportReporter -->
<testsuite hostname="MOMANDAR-3VMBX" name="testcase.TC_JoinOrg" tests="1" failures="0" timestamp="13 Nov 2018 10:27:14 GMT" time="15.969" errors="0">
  <testcase name="JoinOrg" time="15.969" classname="testcase.TC_JoinOrg"/>
</testsuite> <!-- testcase.TC_JoinOrg -->
