<?xml version="1.0" encoding="UTF-8"?>
<!-- Generated by org.testng.reporters.JUnitReportReporter -->
<testsuite hostname="MOMANDAR-3VMBX" name="testcase.TC_TaskAssign" tests="1" failures="0" timestamp="13 Nov 2018 08:45:28 GMT" time="30.842" errors="0">
  <testcase name="Task" time="30.842" classname="testcase.TC_TaskAssign"/>
</testsuite> <!-- testcase.TC_TaskAssign -->
