<?xml version="1.0" encoding="UTF-8"?>
<!-- Generated by org.testng.reporters.JUnitReportReporter -->
<testsuite hostname="MOMANDAR-3VMBX" name="testcase.TC_TaskAssigntome" tests="1" failures="0" timestamp="13 Nov 2018 08:45:28 GMT" time="2.844" errors="0">
  <testcase name="Task" time="2.844" classname="testcase.TC_TaskAssigntome"/>
</testsuite> <!-- testcase.TC_TaskAssigntome -->
