<?xml version="1.0" encoding="UTF-8"?>
<!-- Generated by org.testng.reporters.JUnitReportReporter -->
<testsuite hostname="MOMANDAR-3VMBX" name="testcase.TC_Logout" tests="1" failures="0" timestamp="12 Nov 2018 10:26:21 GMT" time="8.050" errors="0">
  <testcase name="Logout" time="8.050" classname="testcase.TC_Logout"/>
</testsuite> <!-- testcase.TC_Logout -->
