<?xml version="1.0" encoding="UTF-8"?>
<!-- Generated by org.testng.reporters.JUnitReportReporter -->
<testsuite hostname="MOMANDAR-3VMBX" name="testcase.TC_login" tests="1" failures="0" timestamp="13 Nov 2018 12:32:32 GMT" time="29.082" errors="0">
  <testcase name="login" time="29.082" classname="testcase.TC_login"/>
</testsuite> <!-- testcase.TC_login -->
