<?xml version="1.0" encoding="UTF-8"?>
<!-- Generated by org.testng.reporters.JUnitReportReporter -->
<testsuite hostname="MOMANDAR-3VMBX" name="testcase.TC_rmpendinguser" tests="1" failures="0" timestamp="13 Nov 2018 12:32:32 GMT" time="0.682" errors="0">
  <testcase name="Organization" time="0.682" classname="testcase.TC_rmpendinguser"/>
</testsuite> <!-- testcase.TC_rmpendinguser -->
