<?xml version="1.0" encoding="UTF-8"?>
<!-- Generated by org.testng.reporters.JUnitReportReporter -->
<testsuite hostname="MOMANDAR-3VMBX" name="Testteamone.Testteamone.AppTest" tests="1" failures="0" timestamp="9 Nov 2018 12:29:59 GMT" time="0.005" errors="0">
  <testcase name="testApp" time="0.005" classname="Testteamone.Testteamone.AppTest"/>
</testsuite> <!-- Testteamone.Testteamone.AppTest -->
